<?xml version="1.0" encoding="UTF-8"?>
<testng-results skipped="0" failed="0" total="1" passed="1">
  <reporter-output>
  </reporter-output>
  <suite name="EELS_EndToEnd_Scripts" duration-ms="52191" started-at="2016-09-23T09:07:07Z" finished-at="2016-09-23T09:07:59Z">
    <groups>
    </groups>
    <test name="IntegrationDemo" duration-ms="52191" started-at="2016-09-23T09:07:07Z" finished-at="2016-09-23T09:07:59Z">
      <class name="r09_SignupandLogin_Chrome.Trident_SignupPage_Invalid_Email_Address_85630">
        <test-method status="PASS" signature="beforeMethod()[pri:0, instance:r09_SignupandLogin_Chrome.Trident_SignupPage_Invalid_Email_Address_85630@3701eaf6]" name="beforeMethod" is-config="true" duration-ms="46142" started-at="2016-09-23T14:37:07Z" finished-at="2016-09-23T14:37:53Z">
          <reporter-output>
          </reporter-output>
        </test-method> <!-- beforeMethod -->
        <test-method status="PASS" signature="SignupPage_Invalid_Email_Address()[pri:0, instance:r09_SignupandLogin_Chrome.Trident_SignupPage_Invalid_Email_Address_85630@3701eaf6]" name="SignupPage_Invalid_Email_Address" duration-ms="3490" started-at="2016-09-23T14:37:53Z" finished-at="2016-09-23T14:37:56Z">
          <reporter-output>
          </reporter-output>
        </test-method> <!-- SignupPage_Invalid_Email_Address -->
        <test-method status="PASS" signature="afterMethod(org.testng.ITestResult)[pri:0, instance:r09_SignupandLogin_Chrome.Trident_SignupPage_Invalid_Email_Address_85630@3701eaf6]" name="afterMethod" is-config="true" duration-ms="2519" started-at="2016-09-23T14:37:56Z" finished-at="2016-09-23T14:37:59Z">
          <params>
            <param index="0">
              <value>
                <![CDATA[[TestResult name=SignupPage_Invalid_Email_Address status=SUCCESS method=Trident_SignupPage_Invalid_Email_Address_85630.SignupPage_Invalid_Email_Address()[pri:0, instance:r09_SignupandLogin_Chrome.Trident_SignupPage_Invalid_Email_Address_85630@3701eaf6] output={null}]]]>
              </value>
            </param>
          </params>
          <reporter-output>
          </reporter-output>
        </test-method> <!-- afterMethod -->
      </class> <!-- r09_SignupandLogin_Chrome.Trident_SignupPage_Invalid_Email_Address_85630 -->
    </test> <!-- IntegrationDemo -->
  </suite> <!-- EELS_EndToEnd_Scripts -->
</testng-results>
